<?xml version="1.0" encoding="UTF-8"?>
<testsuite xmlns:xsi="http://www.w3.org/2001/XMLSchema-instance" xsi:noNamespaceSchemaLocation="https://maven.apache.org/surefire/maven-surefire-plugin/xsd/surefire-test-report-3.0.xsd" version="3.0" name="edu.escuelaing.arem.ASE.app.AppTest" time="5.582" tests="2" errors="0" skipped="0" failures="0">
  <properties>
    <property name="gopherProxySet" value="false"/>
    <property name="awt.toolkit" value="sun.lwawt.macosx.LWCToolkit"/>
    <property name="file.encoding.pkg" value="sun.io"/>
    <property name="java.specification.version" value="1.8"/>
    <property name="sun.cpu.isalist" value=""/>
    <property name="sun.jnu.encoding" value="UTF-8"/>
    <property name="java.class.path" value="/Users/JuanFe/Documents/Universidad/Noveno Semestre/AREP/LAB-1-APLICACIONES-DISTRIBUIDAS/target/test-classes:/Users/JuanFe/Documents/Universidad/Noveno Semestre/AREP/LAB-1-APLICACIONES-DISTRIBUIDAS/target/classes:/Users/JuanFe/.m2/repository/junit/junit/3.8.1/junit-3.8.1.jar:/Users/JuanFe/.m2/repository/com/googlecode/json-simple/json-simple/1.1.1/json-simple-1.1.1.jar:"/>
    <property name="java.vm.vendor" value="OpenLogic-OpenJDK"/>
    <property name="sun.arch.data.model" value="64"/>
    <property name="java.vendor.url" value="http://java.oracle.com/"/>
    <property name="user.timezone" value=""/>
    <property name="user.country.format" value="CO"/>
    <property name="java.vm.specification.version" value="1.8"/>
    <property name="os.name" value="Mac OS X"/>
    <property name="user.country" value="419"/>
    <property name="sun.java.launcher" value="SUN_STANDARD"/>
    <property name="sun.boot.library.path" value="/Library/Java/JavaVirtualMachines/openlogic-openjdk-8.jdk/Contents/Home/jre/lib"/>
    <property name="sun.java.command" value="/Users/JuanFe/Documents/Universidad/Noveno Semestre/AREP/LAB-1-APLICACIONES-DISTRIBUIDAS/target/surefire/surefirebooter-20240129142031130_3.jar /Users/JuanFe/Documents/Universidad/Noveno Semestre/AREP/LAB-1-APLICACIONES-DISTRIBUIDAS/target/surefire 2024-01-29T14-20-27_369-jvmRun1 surefire-20240129142031130_1tmp surefire_0-20240129142031130_2tmp"/>
    <property name="http.nonProxyHosts" value="local|*.local|169.254/16|*.169.254/16"/>
    <property name="surefire.test.class.path" value="/Users/JuanFe/Documents/Universidad/Noveno Semestre/AREP/LAB-1-APLICACIONES-DISTRIBUIDAS/target/test-classes:/Users/JuanFe/Documents/Universidad/Noveno Semestre/AREP/LAB-1-APLICACIONES-DISTRIBUIDAS/target/classes:/Users/JuanFe/.m2/repository/junit/junit/3.8.1/junit-3.8.1.jar:/Users/JuanFe/.m2/repository/com/googlecode/json-simple/json-simple/1.1.1/json-simple-1.1.1.jar:"/>
    <property name="sun.cpu.endian" value="little"/>
    <property name="user.home" value="/Users/JuanFe"/>
    <property name="user.language" value="es"/>
    <property name="java.specification.vendor" value="Oracle Corporation"/>
    <property name="java.home" value="/Library/Java/JavaVirtualMachines/openlogic-openjdk-8.jdk/Contents/Home/jre"/>
    <property name="basedir" value="/Users/JuanFe/Documents/Universidad/Noveno Semestre/AREP/LAB-1-APLICACIONES-DISTRIBUIDAS"/>
    <property name="file.separator" value="/"/>
    <property name="line.separator" value="&#10;"/>
    <property name="java.vm.specification.vendor" value="Oracle Corporation"/>
    <property name="java.specification.name" value="Java Platform API Specification"/>
    <property name="java.awt.graphicsenv" value="sun.awt.CGraphicsEnvironment"/>
    <property name="surefire.real.class.path" value="/Users/JuanFe/Documents/Universidad/Noveno Semestre/AREP/LAB-1-APLICACIONES-DISTRIBUIDAS/target/surefire/surefirebooter-20240129142031130_3.jar"/>
    <property name="sun.boot.class.path" value="/Library/Java/JavaVirtualMachines/openlogic-openjdk-8.jdk/Contents/Home/jre/lib/resources.jar:/Library/Java/JavaVirtualMachines/openlogic-openjdk-8.jdk/Contents/Home/jre/lib/rt.jar:/Library/Java/JavaVirtualMachines/openlogic-openjdk-8.jdk/Contents/Home/jre/lib/sunrsasign.jar:/Library/Java/JavaVirtualMachines/openlogic-openjdk-8.jdk/Contents/Home/jre/lib/jsse.jar:/Library/Java/JavaVirtualMachines/openlogic-openjdk-8.jdk/Contents/Home/jre/lib/jce.jar:/Library/Java/JavaVirtualMachines/openlogic-openjdk-8.jdk/Contents/Home/jre/lib/charsets.jar:/Library/Java/JavaVirtualMachines/openlogic-openjdk-8.jdk/Contents/Home/jre/lib/jfr.jar:/Library/Java/JavaVirtualMachines/openlogic-openjdk-8.jdk/Contents/Home/jre/classes"/>
    <property name="sun.management.compiler" value="HotSpot 64-Bit Tiered Compilers"/>
    <property name="ftp.nonProxyHosts" value="local|*.local|169.254/16|*.169.254/16"/>
    <property name="java.runtime.version" value="1.8.0_392-internal-b08"/>
    <property name="user.name" value="JuanFe"/>
    <property name="path.separator" value=":"/>
    <property name="os.version" value="14.2"/>
    <property name="java.endorsed.dirs" value="/Library/Java/JavaVirtualMachines/openlogic-openjdk-8.jdk/Contents/Home/jre/lib/endorsed"/>
    <property name="java.runtime.name" value="OpenJDK Runtime Environment"/>
    <property name="file.encoding" value="UTF-8"/>
    <property name="java.vm.name" value="OpenJDK 64-Bit Server VM"/>
    <property name="localRepository" value="/Users/JuanFe/.m2/repository"/>
    <property name="java.vendor.url.bug" value="http://bugreport.sun.com/bugreport/"/>
    <property name="java.io.tmpdir" value="/var/folders/26/psfm0x852bdcmvdthb_phgb40000gp/T/"/>
    <property name="java.version" value="1.8.0_392-internal"/>
    <property name="user.dir" value="/Users/JuanFe/Documents/Universidad/Noveno Semestre/AREP/LAB-1-APLICACIONES-DISTRIBUIDAS"/>
    <property name="os.arch" value="x86_64"/>
    <property name="java.vm.specification.name" value="Java Virtual Machine Specification"/>
    <property name="java.awt.printerjob" value="sun.lwawt.macosx.CPrinterJob"/>
    <property name="sun.os.patch.level" value="unknown"/>
    <property name="java.library.path" value="/Users/JuanFe/Library/Java/Extensions:/Library/Java/Extensions:/Network/Library/Java/Extensions:/System/Library/Java/Extensions:/usr/lib/java:."/>
    <property name="java.vm.info" value="mixed mode"/>
    <property name="java.vendor" value="OpenLogic-OpenJDK"/>
    <property name="java.vm.version" value="25.392-b08"/>
    <property name="java.specification.maintenance.version" value="5"/>
    <property name="java.ext.dirs" value="/Users/JuanFe/Library/Java/Extensions:/Library/Java/JavaVirtualMachines/openlogic-openjdk-8.jdk/Contents/Home/jre/lib/ext:/Library/Java/Extensions:/Network/Library/Java/Extensions:/System/Library/Java/Extensions:/usr/lib/java"/>
    <property name="sun.io.unicode.encoding" value="UnicodeBig"/>
    <property name="java.class.version" value="52.0"/>
    <property name="socksNonProxyHosts" value="local|*.local|169.254/16|*.169.254/16"/>
  </properties>
  <testcase name="testExternalApiConnection" classname="edu.escuelaing.arem.ASE.app.AppTest" time="5.549">
    <system-out><![CDATA[GET Response Code :: 200
{"Title":"Inception","Year":"2010","Rated":"PG-13","Released":"16 Jul 2010","Runtime":"148 min","Genre":"Action, Adventure, Sci-Fi","Director":"Christopher Nolan","Writer":"Christopher Nolan","Actors":"Leonardo DiCaprio, Joseph Gordon-Levitt, Elliot Page","Plot":"A thief who steals corporate secrets through the use of dream-sharing technology is given the inverse task of planting an idea into the mind of a C.E.O., but his tragic past may doom the project and his team to disaster.","Language":"English, Japanese, French","Country":"United States, United Kingdom","Awards":"Won 4 Oscars. 159 wins & 220 nominations total","Poster":"https://m.media-amazon.com/images/M/MV5BMjAxMzY3NjcxNF5BMl5BanBnXkFtZTcwNTI5OTM0Mw@@._V1_SX300.jpg","Ratings":[{"Source":"Internet Movie Database","Value":"8.8/10"},{"Source":"Rotten Tomatoes","Value":"87%"},{"Source":"Metacritic","Value":"74/100"}],"Metascore":"74","imdbRating":"8.8","imdbVotes":"2,504,988","imdbID":"tt1375666","Type":"movie","DVD":"20 Jun 2013","BoxOffice":"$292,587,330","Production":"N/A","Website":"N/A","Response":"True"}
GET DONE
GET Response Code :: 200
{"Title":"Inception","Year":"2010","Rated":"PG-13","Released":"16 Jul 2010","Runtime":"148 min","Genre":"Action, Adventure, Sci-Fi","Director":"Christopher Nolan","Writer":"Christopher Nolan","Actors":"Leonardo DiCaprio, Joseph Gordon-Levitt, Elliot Page","Plot":"A thief who steals corporate secrets through the use of dream-sharing technology is given the inverse task of planting an idea into the mind of a C.E.O., but his tragic past may doom the project and his team to disaster.","Language":"English, Japanese, French","Country":"United States, United Kingdom","Awards":"Won 4 Oscars. 159 wins & 220 nominations total","Poster":"https://m.media-amazon.com/images/M/MV5BMjAxMzY3NjcxNF5BMl5BanBnXkFtZTcwNTI5OTM0Mw@@._V1_SX300.jpg","Ratings":[{"Source":"Internet Movie Database","Value":"8.8/10"},{"Source":"Rotten Tomatoes","Value":"87%"},{"Source":"Metacritic","Value":"74/100"}],"Metascore":"74","imdbRating":"8.8","imdbVotes":"2,504,988","imdbID":"tt1375666","Type":"movie","DVD":"20 Jun 2013","BoxOffice":"$292,587,330","Production":"N/A","Website":"N/A","Response":"True"}
GET DONE
]]></system-out>
  </testcase>
  <testcase name="testCache" classname="edu.escuelaing.arem.ASE.app.AppTest" time="0.0"/>
</testsuite>